Using pre-set license
Built from '2021.3/staging' branch; Version is '2021.3.19f1 (c9714fde33b6) revision 13201743'; Using compiler version '192829333'; Build Type 'Release'
OS: 'Windows 11  (10.0.22000) 64bit CoreSingleLanguage' Language: 'en' Physical Memory: 7523 MB
BatchMode: 1, IsHumanControllingUs: 0, StartBugReporterOnCrash: 0, Is64bit: 1, IsPro: 1

COMMAND LINE ARGUMENTS:
C:\Program Files\Unity\Hub\Editor\2021.3.19f1\Editor\Unity.exe
-adb2
-batchMode
-noUpm
-name
AssetImportWorker4
-projectPath
C:/Users/prati/OneDrive/Documents/GitHub/IITISoC23-Game1-EndlessRunner/iitisoc
-logFile
Logs/AssetImportWorker4.log
-srvPort
49731
Successfully changed project path to: C:/Users/prati/OneDrive/Documents/GitHub/IITISoC23-Game1-EndlessRunner/iitisoc
C:/Users/prati/OneDrive/Documents/GitHub/IITISoC23-Game1-EndlessRunner/iitisoc
[UnityMemory] Configuration Parameters - Can be set up in boot.config
    "memorysetup-bucket-allocator-granularity=16"
    "memorysetup-bucket-allocator-bucket-count=8"
    "memorysetup-bucket-allocator-block-size=33554432"
    "memorysetup-bucket-allocator-block-count=8"
    "memorysetup-main-allocator-block-size=16777216"
    "memorysetup-thread-allocator-block-size=16777216"
    "memorysetup-gfx-main-allocator-block-size=16777216"
    "memorysetup-gfx-thread-allocator-block-size=16777216"
    "memorysetup-cache-allocator-block-size=4194304"
    "memorysetup-typetree-allocator-block-size=2097152"
    "memorysetup-profiler-bucket-allocator-granularity=16"
    "memorysetup-profiler-bucket-allocator-bucket-count=8"
    "memorysetup-profiler-bucket-allocator-block-size=33554432"
    "memorysetup-profiler-bucket-allocator-block-count=8"
    "memorysetup-profiler-allocator-block-size=16777216"
    "memorysetup-profiler-editor-allocator-block-size=1048576"
    "memorysetup-temp-allocator-size-main=16777216"
    "memorysetup-job-temp-allocator-block-size=2097152"
    "memorysetup-job-temp-allocator-block-size-background=1048576"
    "memorysetup-job-temp-allocator-reduction-small-platforms=262144"
    "memorysetup-temp-allocator-size-background-worker=32768"
    "memorysetup-temp-allocator-size-job-worker=262144"
    "memorysetup-temp-allocator-size-preload-manager=33554432"
    "memorysetup-temp-allocator-size-nav-mesh-worker=65536"
    "memorysetup-temp-allocator-size-audio-worker=65536"
    "memorysetup-temp-allocator-size-cloud-worker=32768"
    "memorysetup-temp-allocator-size-gi-baking-worker=262144"
    "memorysetup-temp-allocator-size-gfx=262144"
Player connection [27764] Host "[IP] 192.168.29.99 [Port] 0 [Flags] 2 [Guid] 4274866535 [EditorId] 4274866535 [Version] 1048832 [Id] WindowsEditor(7,Pratik) [Debug] 1 [PackageName] WindowsEditor [ProjectName] Editor" joined multi-casting on [225.0.0.222:54997]...

Player connection [27764] Host "[IP] 192.168.29.99 [Port] 0 [Flags] 2 [Guid] 4274866535 [EditorId] 4274866535 [Version] 1048832 [Id] WindowsEditor(7,Pratik) [Debug] 1 [PackageName] WindowsEditor [ProjectName] Editor" joined alternative multi-casting on [225.0.0.222:34997]...

Refreshing native plugins compatible for Editor in 112.19 ms, found 3 plugins.
Preloading 0 native plugins for Editor in 0.00 ms.
Initialize engine version: 2021.3.19f1 (c9714fde33b6)
[Subsystems] Discovering subsystems at path C:/Program Files/Unity/Hub/Editor/2021.3.19f1/Editor/Data/Resources/UnitySubsystems
[Subsystems] Discovering subsystems at path C:/Users/prati/OneDrive/Documents/GitHub/IITISoC23-Game1-EndlessRunner/iitisoc/Assets
GfxDevice: creating device client; threaded=0; jobified=0
Direct3D:
    Version:  Direct3D 11.0 [level 11.1]
    Renderer: NVIDIA GeForce GTX 1650 (ID=0x1f99)
    Vendor:   NVIDIA
    VRAM:     3950 MB
    Driver:   31.0.15.3598
Initialize mono
Mono path[0] = 'C:/Program Files/Unity/Hub/Editor/2021.3.19f1/Editor/Data/Managed'
Mono path[1] = 'C:/Program Files/Unity/Hub/Editor/2021.3.19f1/Editor/Data/MonoBleedingEdge/lib/mono/unityjit-win32'
Mono config path = 'C:/Program Files/Unity/Hub/Editor/2021.3.19f1/Editor/Data/MonoBleedingEdge/etc'
Using monoOptions --debugger-agent=transport=dt_socket,embedding=1,server=y,suspend=n,address=127.0.0.1:56996
Begin MonoManager ReloadAssembly
Registering precompiled unity dll's ...
Register platform support module: C:/Program Files/Unity/Hub/Editor/2021.3.19f1/Editor/Data/PlaybackEngines/WebGLSupport/UnityEditor.WebGL.Extensions.dll
Register platform support module: C:/Program Files/Unity/Hub/Editor/2021.3.19f1/Editor/Data/PlaybackEngines/WindowsStandaloneSupport/UnityEditor.WindowsStandalone.Extensions.dll
Registered in 0.007726 seconds.
Native extension for WindowsStandalone target not found
Native extension for WebGL target not found
Refreshing native plugins compatible for Editor in 65.82 ms, found 3 plugins.
Preloading 0 native plugins for Editor in 0.00 ms.
Mono: successfully reloaded assembly
- Completed reload, in  0.906 seconds
Domain Reload Profiling:
	ReloadAssembly (907ms)
		BeginReloadAssembly (85ms)
			ExecutionOrderSort (0ms)
			DisableScriptedObjects (0ms)
			BackupInstance (0ms)
			ReleaseScriptingObjects (0ms)
			CreateAndSetChildDomain (1ms)
		EndReloadAssembly (585ms)
			LoadAssemblies (83ms)
			RebuildTransferFunctionScriptingTraits (0ms)
			SetupTypeCache (288ms)
			ReleaseScriptCaches (0ms)
			RebuildScriptCaches (21ms)
			SetupLoadedEditorAssemblies (231ms)
				LogAssemblyErrors (0ms)
				InitializePlatformSupportModulesInManaged (8ms)
				SetLoadedEditorAssemblies (0ms)
				RefreshPlugins (66ms)
				BeforeProcessingInitializeOnLoad (1ms)
				ProcessInitializeOnLoadAttributes (112ms)
				ProcessInitializeOnLoadMethodAttributes (44ms)
				AfterProcessingInitializeOnLoad (0ms)
				EditorAssembliesLoaded (0ms)
			ExecutionOrderSort2 (0ms)
			AwakeInstancesAfterBackupRestoration (0ms)
Platform modules already initialized, skipping
Registering precompiled user dll's ...
Registered in 0.006690 seconds.
Begin MonoManager ReloadAssembly
Symbol file LoadedFromMemory doesn't match image C:\Users\prati\OneDrive\Documents\GitHub\IITISoC23-Game1-EndlessRunner\iitisoc\Library\PackageCache\com.unity.visualscripting@1.8.0\Editor\VisualScripting.Core\Dependencies\YamlDotNet\Unity.VisualScripting.YamlDotNet.dll
Symbol file LoadedFromMemory doesn't match image C:\Users\prati\OneDrive\Documents\GitHub\IITISoC23-Game1-EndlessRunner\iitisoc\Library\PackageCache\com.unity.visualscripting@1.8.0\Editor\VisualScripting.Core\Dependencies\DotNetZip\Unity.VisualScripting.IonicZip.dll
Native extension for WindowsStandalone target not found
Native extension for WebGL target not found
Refreshing native plugins compatible for Editor in 0.60 ms, found 3 plugins.
Preloading 0 native plugins for Editor in 0.00 ms.
Mono: successfully reloaded assembly
- Completed reload, in  0.966 seconds
Domain Reload Profiling:
	ReloadAssembly (967ms)
		BeginReloadAssembly (106ms)
			ExecutionOrderSort (0ms)
			DisableScriptedObjects (6ms)
			BackupInstance (0ms)
			ReleaseScriptingObjects (0ms)
			CreateAndSetChildDomain (18ms)
		EndReloadAssembly (759ms)
			LoadAssemblies (81ms)
			RebuildTransferFunctionScriptingTraits (0ms)
			SetupTypeCache (297ms)
			ReleaseScriptCaches (1ms)
			RebuildScriptCaches (41ms)
			SetupLoadedEditorAssemblies (314ms)
				LogAssemblyErrors (0ms)
				InitializePlatformSupportModulesInManaged (6ms)
				SetLoadedEditorAssemblies (0ms)
				RefreshPlugins (1ms)
				BeforeProcessingInitializeOnLoad (73ms)
				ProcessInitializeOnLoadAttributes (208ms)
				ProcessInitializeOnLoadMethodAttributes (17ms)
				AfterProcessingInitializeOnLoad (8ms)
				EditorAssembliesLoaded (0ms)
			ExecutionOrderSort2 (0ms)
			AwakeInstancesAfterBackupRestoration (6ms)
Platform modules already initialized, skipping
========================================================================
Worker process is ready to serve import requests
Launched and connected shader compiler UnityShaderCompiler.exe after 0.08 seconds
Refreshing native plugins compatible for Editor in 0.63 ms, found 3 plugins.
Preloading 0 native plugins for Editor in 0.00 ms.
Unloading 3109 Unused Serialized files (Serialized files now loaded: 0)
Unloading 24 unused Assets / (113.6 KB). Loaded Objects now: 3586.
Memory consumption went from 125.4 MB to 125.2 MB.
Total: 2.922100 ms (FindLiveObjects: 0.272700 ms CreateObjectMapping: 0.101800 ms MarkObjects: 2.437800 ms  DeleteObjects: 0.108600 ms)

AssetImportParameters requested are different than current active one (requested -> active):
  custom:video-decoder-ogg-theora: a1e56fd34408186e4bbccfd4996cb3dc -> 
  custom:container-muxer-webm: aa71ff27fc2769a1b78a27578f13a17b -> 
  custom:container-demuxer-webm: 4f35f7cbe854078d1ac9338744f61a02 -> 
  custom:video-encoder-webm-vp8: eb34c28f22e8b96e1ab97ce403110664 -> 
  custom:video-codec-MediaFoundation-h265: 746d11721c4dcdbdad8f713fa42b33f4 -> 
  custom:audio-encoder-webm-vorbis: bf7c407c2cedff20999df2af8eb42d56 -> 
  custom:framework-win-MediaFoundation: 216162199b28c13a410421893ffa2e32 -> 
  custom:container-demuxer-ogg: 62fdf1f143b41e24485cea50d1cbac27 -> 
  custom:video-decoder-webm-vp8: 9c59270c3fd7afecdb556c50c9e8de78 -> 
  custom:audio-decoder-ogg-vorbis: bf7c407c2cedff20999df2af8eb42d56 -> 
========================================================================
Received Prepare
Registering precompiled user dll's ...
Registered in 0.009276 seconds.
Begin MonoManager ReloadAssembly
Symbol file LoadedFromMemory doesn't match image C:\Users\prati\OneDrive\Documents\GitHub\IITISoC23-Game1-EndlessRunner\iitisoc\Library\PackageCache\com.unity.visualscripting@1.8.0\Editor\VisualScripting.Core\Dependencies\YamlDotNet\Unity.VisualScripting.YamlDotNet.dll
Symbol file LoadedFromMemory doesn't match image C:\Users\prati\OneDrive\Documents\GitHub\IITISoC23-Game1-EndlessRunner\iitisoc\Library\PackageCache\com.unity.visualscripting@1.8.0\Editor\VisualScripting.Core\Dependencies\DotNetZip\Unity.VisualScripting.IonicZip.dll
Native extension for WindowsStandalone target not found
Native extension for WebGL target not found
Refreshing native plugins compatible for Editor in 1.66 ms, found 3 plugins.
Preloading 0 native plugins for Editor in 0.00 ms.
Mono: successfully reloaded assembly
- Completed reload, in  1.298 seconds
Domain Reload Profiling:
	ReloadAssembly (1299ms)
		BeginReloadAssembly (167ms)
			ExecutionOrderSort (0ms)
			DisableScriptedObjects (8ms)
			BackupInstance (0ms)
			ReleaseScriptingObjects (0ms)
			CreateAndSetChildDomain (43ms)
		EndReloadAssembly (1006ms)
			LoadAssemblies (113ms)
			RebuildTransferFunctionScriptingTraits (0ms)
			SetupTypeCache (363ms)
			ReleaseScriptCaches (2ms)
			RebuildScriptCaches (58ms)
			SetupLoadedEditorAssemblies (400ms)
				LogAssemblyErrors (0ms)
				InitializePlatformSupportModulesInManaged (20ms)
				SetLoadedEditorAssemblies (0ms)
				RefreshPlugins (2ms)
				BeforeProcessingInitializeOnLoad (87ms)
				ProcessInitializeOnLoadAttributes (254ms)
				ProcessInitializeOnLoadMethodAttributes (26ms)
				AfterProcessingInitializeOnLoad (12ms)
				EditorAssembliesLoaded (0ms)
			ExecutionOrderSort2 (0ms)
			AwakeInstancesAfterBackupRestoration (9ms)
Platform modules already initialized, skipping
Refreshing native plugins compatible for Editor in 2.08 ms, found 3 plugins.
Preloading 0 native plugins for Editor in 0.00 ms.
Unloading 3091 Unused Serialized files (Serialized files now loaded: 0)
Unloading 17 unused Assets / (80.2 KB). Loaded Objects now: 3589.
Memory consumption went from 123.9 MB to 123.8 MB.
Total: 4.425500 ms (FindLiveObjects: 0.553700 ms CreateObjectMapping: 0.109700 ms MarkObjects: 3.595000 ms  DeleteObjects: 0.165000 ms)

AssetImportParameters requested are different than current active one (requested -> active):
  custom:video-decoder-ogg-theora: a1e56fd34408186e4bbccfd4996cb3dc -> 
  custom:container-muxer-webm: aa71ff27fc2769a1b78a27578f13a17b -> 
  custom:container-demuxer-webm: 4f35f7cbe854078d1ac9338744f61a02 -> 
  custom:video-encoder-webm-vp8: eb34c28f22e8b96e1ab97ce403110664 -> 
  custom:video-codec-MediaFoundation-h265: 746d11721c4dcdbdad8f713fa42b33f4 -> 
  custom:audio-encoder-webm-vorbis: bf7c407c2cedff20999df2af8eb42d56 -> 
  custom:framework-win-MediaFoundation: 216162199b28c13a410421893ffa2e32 -> 
  custom:container-demuxer-ogg: 62fdf1f143b41e24485cea50d1cbac27 -> 
  custom:video-decoder-webm-vp8: 9c59270c3fd7afecdb556c50c9e8de78 -> 
  custom:audio-decoder-ogg-vorbis: bf7c407c2cedff20999df2af8eb42d56 -> 
========================================================================
Received Prepare
Registering precompiled user dll's ...
Registered in 0.007419 seconds.
Begin MonoManager ReloadAssembly
Symbol file LoadedFromMemory doesn't match image C:\Users\prati\OneDrive\Documents\GitHub\IITISoC23-Game1-EndlessRunner\iitisoc\Library\PackageCache\com.unity.visualscripting@1.8.0\Editor\VisualScripting.Core\Dependencies\YamlDotNet\Unity.VisualScripting.YamlDotNet.dll
Symbol file LoadedFromMemory doesn't match image C:\Users\prati\OneDrive\Documents\GitHub\IITISoC23-Game1-EndlessRunner\iitisoc\Library\PackageCache\com.unity.visualscripting@1.8.0\Editor\VisualScripting.Core\Dependencies\DotNetZip\Unity.VisualScripting.IonicZip.dll
Native extension for WindowsStandalone target not found
Native extension for WebGL target not found
Refreshing native plugins compatible for Editor in 1.19 ms, found 3 plugins.
Preloading 0 native plugins for Editor in 0.00 ms.
Mono: successfully reloaded assembly
- Completed reload, in  1.333 seconds
Domain Reload Profiling:
	ReloadAssembly (1334ms)
		BeginReloadAssembly (153ms)
			ExecutionOrderSort (0ms)
			DisableScriptedObjects (8ms)
			BackupInstance (0ms)
			ReleaseScriptingObjects (0ms)
			CreateAndSetChildDomain (37ms)
		EndReloadAssembly (1056ms)
			LoadAssemblies (122ms)
			RebuildTransferFunctionScriptingTraits (0ms)
			SetupTypeCache (376ms)
			ReleaseScriptCaches (2ms)
			RebuildScriptCaches (66ms)
			SetupLoadedEditorAssemblies (409ms)
				LogAssemblyErrors (0ms)
				InitializePlatformSupportModulesInManaged (20ms)
				SetLoadedEditorAssemblies (1ms)
				RefreshPlugins (1ms)
				BeforeProcessingInitializeOnLoad (90ms)
				ProcessInitializeOnLoadAttributes (261ms)
				ProcessInitializeOnLoadMethodAttributes (26ms)
				AfterProcessingInitializeOnLoad (11ms)
				EditorAssembliesLoaded (0ms)
			ExecutionOrderSort2 (0ms)
			AwakeInstancesAfterBackupRestoration (10ms)
Platform modules already initialized, skipping
Refreshing native plugins compatible for Editor in 3.11 ms, found 3 plugins.
Preloading 0 native plugins for Editor in 0.00 ms.
Unloading 3091 Unused Serialized files (Serialized files now loaded: 0)
Unloading 17 unused Assets / (80.2 KB). Loaded Objects now: 3592.
Memory consumption went from 123.9 MB to 123.8 MB.
Total: 4.230200 ms (FindLiveObjects: 0.426700 ms CreateObjectMapping: 0.097200 ms MarkObjects: 3.499600 ms  DeleteObjects: 0.204500 ms)

AssetImportParameters requested are different than current active one (requested -> active):
  custom:video-decoder-ogg-theora: a1e56fd34408186e4bbccfd4996cb3dc -> 
  custom:container-muxer-webm: aa71ff27fc2769a1b78a27578f13a17b -> 
  custom:container-demuxer-webm: 4f35f7cbe854078d1ac9338744f61a02 -> 
  custom:video-encoder-webm-vp8: eb34c28f22e8b96e1ab97ce403110664 -> 
  custom:video-codec-MediaFoundation-h265: 746d11721c4dcdbdad8f713fa42b33f4 -> 
  custom:audio-encoder-webm-vorbis: bf7c407c2cedff20999df2af8eb42d56 -> 
  custom:framework-win-MediaFoundation: 216162199b28c13a410421893ffa2e32 -> 
  custom:container-demuxer-ogg: 62fdf1f143b41e24485cea50d1cbac27 -> 
  custom:video-decoder-webm-vp8: 9c59270c3fd7afecdb556c50c9e8de78 -> 
  custom:audio-decoder-ogg-vorbis: bf7c407c2cedff20999df2af8eb42d56 -> 
========================================================================
Received Prepare
Registering precompiled user dll's ...
Registered in 0.009063 seconds.
Begin MonoManager ReloadAssembly
Symbol file LoadedFromMemory doesn't match image C:\Users\prati\OneDrive\Documents\GitHub\IITISoC23-Game1-EndlessRunner\iitisoc\Library\PackageCache\com.unity.visualscripting@1.8.0\Editor\VisualScripting.Core\Dependencies\YamlDotNet\Unity.VisualScripting.YamlDotNet.dll
Symbol file LoadedFromMemory doesn't match image C:\Users\prati\OneDrive\Documents\GitHub\IITISoC23-Game1-EndlessRunner\iitisoc\Library\PackageCache\com.unity.visualscripting@1.8.0\Editor\VisualScripting.Core\Dependencies\DotNetZip\Unity.VisualScripting.IonicZip.dll
Native extension for WindowsStandalone target not found
Native extension for WebGL target not found
Refreshing native plugins compatible for Editor in 0.65 ms, found 3 plugins.
Preloading 0 native plugins for Editor in 0.00 ms.
Mono: successfully reloaded assembly
- Completed reload, in  0.977 seconds
Domain Reload Profiling:
	ReloadAssembly (978ms)
		BeginReloadAssembly (216ms)
			ExecutionOrderSort (0ms)
			DisableScriptedObjects (9ms)
			BackupInstance (0ms)
			ReleaseScriptingObjects (0ms)
			CreateAndSetChildDomain (54ms)
		EndReloadAssembly (670ms)
			LoadAssemblies (114ms)
			RebuildTransferFunctionScriptingTraits (0ms)
			SetupTypeCache (231ms)
			ReleaseScriptCaches (1ms)
			RebuildScriptCaches (31ms)
			SetupLoadedEditorAssemblies (287ms)
				LogAssemblyErrors (0ms)
				InitializePlatformSupportModulesInManaged (13ms)
				SetLoadedEditorAssemblies (0ms)
				RefreshPlugins (1ms)
				BeforeProcessingInitializeOnLoad (58ms)
				ProcessInitializeOnLoadAttributes (188ms)
				ProcessInitializeOnLoadMethodAttributes (16ms)
				AfterProcessingInitializeOnLoad (10ms)
				EditorAssembliesLoaded (0ms)
			ExecutionOrderSort2 (0ms)
			AwakeInstancesAfterBackupRestoration (10ms)
Platform modules already initialized, skipping
Refreshing native plugins compatible for Editor in 1.94 ms, found 3 plugins.
Preloading 0 native plugins for Editor in 0.00 ms.
Unloading 3091 Unused Serialized files (Serialized files now loaded: 0)
Unloading 17 unused Assets / (80.1 KB). Loaded Objects now: 3595.
Memory consumption went from 123.9 MB to 123.8 MB.
Total: 2.766400 ms (FindLiveObjects: 0.232800 ms CreateObjectMapping: 0.149700 ms MarkObjects: 2.294800 ms  DeleteObjects: 0.088200 ms)

AssetImportParameters requested are different than current active one (requested -> active):
  custom:video-decoder-ogg-theora: a1e56fd34408186e4bbccfd4996cb3dc -> 
  custom:container-muxer-webm: aa71ff27fc2769a1b78a27578f13a17b -> 
  custom:container-demuxer-webm: 4f35f7cbe854078d1ac9338744f61a02 -> 
  custom:video-encoder-webm-vp8: eb34c28f22e8b96e1ab97ce403110664 -> 
  custom:video-codec-MediaFoundation-h265: 746d11721c4dcdbdad8f713fa42b33f4 -> 
  custom:audio-encoder-webm-vorbis: bf7c407c2cedff20999df2af8eb42d56 -> 
  custom:framework-win-MediaFoundation: 216162199b28c13a410421893ffa2e32 -> 
  custom:container-demuxer-ogg: 62fdf1f143b41e24485cea50d1cbac27 -> 
  custom:video-decoder-webm-vp8: 9c59270c3fd7afecdb556c50c9e8de78 -> 
  custom:audio-decoder-ogg-vorbis: bf7c407c2cedff20999df2af8eb42d56 -> 
========================================================================
Received Prepare
Registering precompiled user dll's ...
Registered in 0.007850 seconds.
Begin MonoManager ReloadAssembly
Symbol file LoadedFromMemory doesn't match image C:\Users\prati\OneDrive\Documents\GitHub\IITISoC23-Game1-EndlessRunner\iitisoc\Library\PackageCache\com.unity.visualscripting@1.8.0\Editor\VisualScripting.Core\Dependencies\YamlDotNet\Unity.VisualScripting.YamlDotNet.dll
Symbol file LoadedFromMemory doesn't match image C:\Users\prati\OneDrive\Documents\GitHub\IITISoC23-Game1-EndlessRunner\iitisoc\Library\PackageCache\com.unity.visualscripting@1.8.0\Editor\VisualScripting.Core\Dependencies\DotNetZip\Unity.VisualScripting.IonicZip.dll
Native extension for WindowsStandalone target not found
Native extension for WebGL target not found
Refreshing native plugins compatible for Editor in 1.55 ms, found 3 plugins.
Preloading 0 native plugins for Editor in 0.00 ms.
Mono: successfully reloaded assembly
- Completed reload, in  1.205 seconds
Domain Reload Profiling:
	ReloadAssembly (1206ms)
		BeginReloadAssembly (147ms)
			ExecutionOrderSort (0ms)
			DisableScriptedObjects (5ms)
			BackupInstance (0ms)
			ReleaseScriptingObjects (0ms)
			CreateAndSetChildDomain (33ms)
		EndReloadAssembly (930ms)
			LoadAssemblies (113ms)
			RebuildTransferFunctionScriptingTraits (0ms)
			SetupTypeCache (325ms)
			ReleaseScriptCaches (2ms)
			RebuildScriptCaches (59ms)
			SetupLoadedEditorAssemblies (374ms)
				LogAssemblyErrors (0ms)
				InitializePlatformSupportModulesInManaged (17ms)
				SetLoadedEditorAssemblies (1ms)
				RefreshPlugins (2ms)
				BeforeProcessingInitializeOnLoad (80ms)
				ProcessInitializeOnLoadAttributes (240ms)
				ProcessInitializeOnLoadMethodAttributes (24ms)
				AfterProcessingInitializeOnLoad (12ms)
				EditorAssembliesLoaded (0ms)
			ExecutionOrderSort2 (0ms)
			AwakeInstancesAfterBackupRestoration (8ms)
Platform modules already initialized, skipping
Refreshing native plugins compatible for Editor in 2.63 ms, found 3 plugins.
Preloading 0 native plugins for Editor in 0.00 ms.
Unloading 3091 Unused Serialized files (Serialized files now loaded: 0)
Unloading 17 unused Assets / (80.3 KB). Loaded Objects now: 3598.
Memory consumption went from 123.9 MB to 123.8 MB.
Total: 4.491200 ms (FindLiveObjects: 0.340900 ms CreateObjectMapping: 0.148500 ms MarkObjects: 3.808400 ms  DeleteObjects: 0.192100 ms)

AssetImportParameters requested are different than current active one (requested -> active):
  custom:video-decoder-ogg-theora: a1e56fd34408186e4bbccfd4996cb3dc -> 
  custom:container-muxer-webm: aa71ff27fc2769a1b78a27578f13a17b -> 
  custom:container-demuxer-webm: 4f35f7cbe854078d1ac9338744f61a02 -> 
  custom:video-encoder-webm-vp8: eb34c28f22e8b96e1ab97ce403110664 -> 
  custom:video-codec-MediaFoundation-h265: 746d11721c4dcdbdad8f713fa42b33f4 -> 
  custom:audio-encoder-webm-vorbis: bf7c407c2cedff20999df2af8eb42d56 -> 
  custom:framework-win-MediaFoundation: 216162199b28c13a410421893ffa2e32 -> 
  custom:container-demuxer-ogg: 62fdf1f143b41e24485cea50d1cbac27 -> 
  custom:video-decoder-webm-vp8: 9c59270c3fd7afecdb556c50c9e8de78 -> 
  custom:audio-decoder-ogg-vorbis: bf7c407c2cedff20999df2af8eb42d56 -> 
========================================================================
Received Prepare
Registering precompiled user dll's ...
Registered in 0.007781 seconds.
Begin MonoManager ReloadAssembly
Symbol file LoadedFromMemory doesn't match image C:\Users\prati\OneDrive\Documents\GitHub\IITISoC23-Game1-EndlessRunner\iitisoc\Library\PackageCache\com.unity.visualscripting@1.8.0\Editor\VisualScripting.Core\Dependencies\YamlDotNet\Unity.VisualScripting.YamlDotNet.dll
Symbol file LoadedFromMemory doesn't match image C:\Users\prati\OneDrive\Documents\GitHub\IITISoC23-Game1-EndlessRunner\iitisoc\Library\PackageCache\com.unity.visualscripting@1.8.0\Editor\VisualScripting.Core\Dependencies\DotNetZip\Unity.VisualScripting.IonicZip.dll
Native extension for WindowsStandalone target not found
Native extension for WebGL target not found
Refreshing native plugins compatible for Editor in 0.83 ms, found 3 plugins.
Preloading 0 native plugins for Editor in 0.00 ms.
Mono: successfully reloaded assembly
- Completed reload, in  1.145 seconds
Domain Reload Profiling:
	ReloadAssembly (1146ms)
		BeginReloadAssembly (142ms)
			ExecutionOrderSort (0ms)
			DisableScriptedObjects (5ms)
			BackupInstance (0ms)
			ReleaseScriptingObjects (0ms)
			CreateAndSetChildDomain (37ms)
		EndReloadAssembly (884ms)
			LoadAssemblies (105ms)
			RebuildTransferFunctionScriptingTraits (0ms)
			SetupTypeCache (316ms)
			ReleaseScriptCaches (2ms)
			RebuildScriptCaches (47ms)
			SetupLoadedEditorAssemblies (362ms)
				LogAssemblyErrors (0ms)
				InitializePlatformSupportModulesInManaged (18ms)
				SetLoadedEditorAssemblies (0ms)
				RefreshPlugins (1ms)
				BeforeProcessingInitializeOnLoad (78ms)
				ProcessInitializeOnLoadAttributes (231ms)
				ProcessInitializeOnLoadMethodAttributes (23ms)
				AfterProcessingInitializeOnLoad (10ms)
				EditorAssembliesLoaded (0ms)
			ExecutionOrderSort2 (0ms)
			AwakeInstancesAfterBackupRestoration (8ms)
Platform modules already initialized, skipping
Refreshing native plugins compatible for Editor in 4.14 ms, found 3 plugins.
Preloading 0 native plugins for Editor in 0.00 ms.
Unloading 3091 Unused Serialized files (Serialized files now loaded: 0)
Unloading 17 unused Assets / (80.3 KB). Loaded Objects now: 3601.
Memory consumption went from 123.9 MB to 123.8 MB.
Total: 4.944600 ms (FindLiveObjects: 0.692500 ms CreateObjectMapping: 0.133800 ms MarkObjects: 3.915700 ms  DeleteObjects: 0.199400 ms)

AssetImportParameters requested are different than current active one (requested -> active):
  custom:video-decoder-ogg-theora: a1e56fd34408186e4bbccfd4996cb3dc -> 
  custom:container-muxer-webm: aa71ff27fc2769a1b78a27578f13a17b -> 
  custom:container-demuxer-webm: 4f35f7cbe854078d1ac9338744f61a02 -> 
  custom:video-encoder-webm-vp8: eb34c28f22e8b96e1ab97ce403110664 -> 
  custom:video-codec-MediaFoundation-h265: 746d11721c4dcdbdad8f713fa42b33f4 -> 
  custom:audio-encoder-webm-vorbis: bf7c407c2cedff20999df2af8eb42d56 -> 
  custom:framework-win-MediaFoundation: 216162199b28c13a410421893ffa2e32 -> 
  custom:container-demuxer-ogg: 62fdf1f143b41e24485cea50d1cbac27 -> 
  custom:video-decoder-webm-vp8: 9c59270c3fd7afecdb556c50c9e8de78 -> 
  custom:audio-decoder-ogg-vorbis: bf7c407c2cedff20999df2af8eb42d56 -> 
========================================================================
Received Prepare
Registering precompiled user dll's ...
Registered in 0.006593 seconds.
Begin MonoManager ReloadAssembly
Symbol file LoadedFromMemory doesn't match image C:\Users\prati\OneDrive\Documents\GitHub\IITISoC23-Game1-EndlessRunner\iitisoc\Library\PackageCache\com.unity.visualscripting@1.8.0\Editor\VisualScripting.Core\Dependencies\YamlDotNet\Unity.VisualScripting.YamlDotNet.dll
Symbol file LoadedFromMemory doesn't match image C:\Users\prati\OneDrive\Documents\GitHub\IITISoC23-Game1-EndlessRunner\iitisoc\Library\PackageCache\com.unity.visualscripting@1.8.0\Editor\VisualScripting.Core\Dependencies\DotNetZip\Unity.VisualScripting.IonicZip.dll
Native extension for WindowsStandalone target not found
Native extension for WebGL target not found
Refreshing native plugins compatible for Editor in 1.15 ms, found 3 plugins.
Preloading 0 native plugins for Editor in 0.00 ms.
Mono: successfully reloaded assembly
- Completed reload, in  1.183 seconds
Domain Reload Profiling:
	ReloadAssembly (1184ms)
		BeginReloadAssembly (150ms)
			ExecutionOrderSort (0ms)
			DisableScriptedObjects (6ms)
			BackupInstance (0ms)
			ReleaseScriptingObjects (0ms)
			CreateAndSetChildDomain (42ms)
		EndReloadAssembly (914ms)
			LoadAssemblies (108ms)
			RebuildTransferFunctionScriptingTraits (0ms)
			SetupTypeCache (323ms)
			ReleaseScriptCaches (2ms)
			RebuildScriptCaches (49ms)
			SetupLoadedEditorAssemblies (370ms)
				LogAssemblyErrors (0ms)
				InitializePlatformSupportModulesInManaged (18ms)
				SetLoadedEditorAssemblies (1ms)
				RefreshPlugins (1ms)
				BeforeProcessingInitializeOnLoad (79ms)
				ProcessInitializeOnLoadAttributes (236ms)
				ProcessInitializeOnLoadMethodAttributes (24ms)
				AfterProcessingInitializeOnLoad (11ms)
				EditorAssembliesLoaded (0ms)
			ExecutionOrderSort2 (0ms)
			AwakeInstancesAfterBackupRestoration (9ms)
Platform modules already initialized, skipping
Refreshing native plugins compatible for Editor in 2.94 ms, found 3 plugins.
Preloading 0 native plugins for Editor in 0.00 ms.
Unloading 3091 Unused Serialized files (Serialized files now loaded: 0)
Unloading 17 unused Assets / (80.2 KB). Loaded Objects now: 3604.
Memory consumption went from 123.9 MB to 123.8 MB.
Total: 5.286600 ms (FindLiveObjects: 0.542900 ms CreateObjectMapping: 0.290100 ms MarkObjects: 4.213400 ms  DeleteObjects: 0.238700 ms)

AssetImportParameters requested are different than current active one (requested -> active):
  custom:video-decoder-ogg-theora: a1e56fd34408186e4bbccfd4996cb3dc -> 
  custom:container-muxer-webm: aa71ff27fc2769a1b78a27578f13a17b -> 
  custom:container-demuxer-webm: 4f35f7cbe854078d1ac9338744f61a02 -> 
  custom:video-encoder-webm-vp8: eb34c28f22e8b96e1ab97ce403110664 -> 
  custom:video-codec-MediaFoundation-h265: 746d11721c4dcdbdad8f713fa42b33f4 -> 
  custom:audio-encoder-webm-vorbis: bf7c407c2cedff20999df2af8eb42d56 -> 
  custom:framework-win-MediaFoundation: 216162199b28c13a410421893ffa2e32 -> 
  custom:container-demuxer-ogg: 62fdf1f143b41e24485cea50d1cbac27 -> 
  custom:video-decoder-webm-vp8: 9c59270c3fd7afecdb556c50c9e8de78 -> 
  custom:audio-decoder-ogg-vorbis: bf7c407c2cedff20999df2af8eb42d56 -> 
========================================================================
Received Import Request.
  Time since last request: 462212.480434 seconds.
  path: Assets/tiles/tile1.prefab
  artifactKey: Guid(233b8b35b1f633c478e34fbb505a13b6) Importer(815301076,1909f56bfc062723c751e8b465ee728b)
Start importing Assets/tiles/tile1.prefab using Guid(233b8b35b1f633c478e34fbb505a13b6) Importer(815301076,1909f56bfc062723c751e8b465ee728b)  -> (artifact id: 'f2826f9894c1b9a7846fc48879a73339') in 0.250689 seconds 
========================================================================
Received Import Request.
  Time since last request: 5.478110 seconds.
  path: Assets/tiles/tile3 Variant 1.prefab
  artifactKey: Guid(6bd1e9e27bcf9d7409b8c66df38f1f0c) Importer(815301076,1909f56bfc062723c751e8b465ee728b)
Start importing Assets/tiles/tile3 Variant 1.prefab using Guid(6bd1e9e27bcf9d7409b8c66df38f1f0c) Importer(815301076,1909f56bfc062723c751e8b465ee728b)  -> (artifact id: '0ddbce7a47d859d075333825db72644d') in 0.031628 seconds 
========================================================================
Received Import Request.
  Time since last request: 21.510139 seconds.
  path: Assets/tiles/tile2 .prefab
  artifactKey: Guid(1ca408639deae96449a0d8cb52ec18d2) Importer(815301076,1909f56bfc062723c751e8b465ee728b)
Start importing Assets/tiles/tile2 .prefab using Guid(1ca408639deae96449a0d8cb52ec18d2) Importer(815301076,1909f56bfc062723c751e8b465ee728b)  -> (artifact id: '7a9375dd88f7d9dd74f3a8e6f8fdc0c4') in 0.044642 seconds 
========================================================================
Received Import Request.
  Time since last request: 8.814519 seconds.
  path: Assets/tiles/tile3.prefab
  artifactKey: Guid(6bd1e9e27bcf9d7409b8c66df38f1f0c) Importer(815301076,1909f56bfc062723c751e8b465ee728b)
Start importing Assets/tiles/tile3.prefab using Guid(6bd1e9e27bcf9d7409b8c66df38f1f0c) Importer(815301076,1909f56bfc062723c751e8b465ee728b)  -> (artifact id: '9b27a3193c9c67384ba555a678061ee0') in 0.031057 seconds 
========================================================================
Received Import Request.
  Time since last request: 8.525710 seconds.
  path: Assets/tiles/tile4.prefab
  artifactKey: Guid(684982c02ddd308478427cd3c0a69bd1) Importer(815301076,1909f56bfc062723c751e8b465ee728b)
Start importing Assets/tiles/tile4.prefab using Guid(684982c02ddd308478427cd3c0a69bd1) Importer(815301076,1909f56bfc062723c751e8b465ee728b)  -> (artifact id: '9cad1b2bf7ff2ec389afabd04ad14d2a') in 0.033594 seconds 
========================================================================
Received Import Request.
  Time since last request: 34.197293 seconds.
  path: Assets/tiles/tile4.prefab
  artifactKey: Guid(684982c02ddd308478427cd3c0a69bd1) Importer(815301076,1909f56bfc062723c751e8b465ee728b)
Start importing Assets/tiles/tile4.prefab using Guid(684982c02ddd308478427cd3c0a69bd1) Importer(815301076,1909f56bfc062723c751e8b465ee728b)  -> (artifact id: 'a7198abb3670e6ca8617b11f4cbdf3be') in 0.018229 seconds 
========================================================================
Received Import Request.
  Time since last request: 35.655856 seconds.
  path: Assets/tiles/tile4.prefab
  artifactKey: Guid(684982c02ddd308478427cd3c0a69bd1) Importer(815301076,1909f56bfc062723c751e8b465ee728b)
Start importing Assets/tiles/tile4.prefab using Guid(684982c02ddd308478427cd3c0a69bd1) Importer(815301076,1909f56bfc062723c751e8b465ee728b)  -> (artifact id: '2e3dc859f0ac4abe8f816871ad1ae315') in 0.019827 seconds 
========================================================================
Received Import Request.
  Time since last request: 23.391821 seconds.
  path: Assets/tiles/tile4.prefab
  artifactKey: Guid(684982c02ddd308478427cd3c0a69bd1) Importer(815301076,1909f56bfc062723c751e8b465ee728b)
Start importing Assets/tiles/tile4.prefab using Guid(684982c02ddd308478427cd3c0a69bd1) Importer(815301076,1909f56bfc062723c751e8b465ee728b)  -> (artifact id: 'a176aec14a8e3c554cab71f884d2e400') in 0.018272 seconds 
========================================================================
Received Import Request.
  Time since last request: 3.584519 seconds.
  path: Assets/tiles/tile4.prefab
  artifactKey: Guid(684982c02ddd308478427cd3c0a69bd1) Importer(815301076,1909f56bfc062723c751e8b465ee728b)
Start importing Assets/tiles/tile4.prefab using Guid(684982c02ddd308478427cd3c0a69bd1) Importer(815301076,1909f56bfc062723c751e8b465ee728b)  -> (artifact id: 'ee14b0a481132dae13444895dd7aecd7') in 0.021077 seconds 
========================================================================
Received Import Request.
  Time since last request: 1.417000 seconds.
  path: Assets/tiles/tile4.prefab
  artifactKey: Guid(684982c02ddd308478427cd3c0a69bd1) Importer(815301076,1909f56bfc062723c751e8b465ee728b)
Start importing Assets/tiles/tile4.prefab using Guid(684982c02ddd308478427cd3c0a69bd1) Importer(815301076,1909f56bfc062723c751e8b465ee728b)  -> (artifact id: '59678a75eaae4e5a44e5c0f976abde19') in 0.018563 seconds 
========================================================================
Received Import Request.
  Time since last request: 3.222292 seconds.
  path: Assets/tiles/tile4.prefab
  artifactKey: Guid(684982c02ddd308478427cd3c0a69bd1) Importer(815301076,1909f56bfc062723c751e8b465ee728b)
Start importing Assets/tiles/tile4.prefab using Guid(684982c02ddd308478427cd3c0a69bd1) Importer(815301076,1909f56bfc062723c751e8b465ee728b)  -> (artifact id: 'f508711596c9b196db1b503e2fe28fbc') in 0.020059 seconds 
========================================================================
Received Import Request.
  Time since last request: 15.926238 seconds.
  path: Assets/tiles/tile4.prefab
  artifactKey: Guid(684982c02ddd308478427cd3c0a69bd1) Importer(815301076,1909f56bfc062723c751e8b465ee728b)
Start importing Assets/tiles/tile4.prefab using Guid(684982c02ddd308478427cd3c0a69bd1) Importer(815301076,1909f56bfc062723c751e8b465ee728b)  -> (artifact id: 'efda8002bce6764d95a56d16e77dbed6') in 0.020371 seconds 
========================================================================
Received Import Request.
  Time since last request: 4.808910 seconds.
  path: Assets/tiles/tile4.prefab
  artifactKey: Guid(684982c02ddd308478427cd3c0a69bd1) Importer(815301076,1909f56bfc062723c751e8b465ee728b)
Start importing Assets/tiles/tile4.prefab using Guid(684982c02ddd308478427cd3c0a69bd1) Importer(815301076,1909f56bfc062723c751e8b465ee728b)  -> (artifact id: 'a4d6a90d7bd6996b48d09ebe202c83c3') in 0.021975 seconds 
========================================================================
Received Import Request.
  Time since last request: 7.863149 seconds.
  path: Assets/tiles/tile4.prefab
  artifactKey: Guid(684982c02ddd308478427cd3c0a69bd1) Importer(815301076,1909f56bfc062723c751e8b465ee728b)
Start importing Assets/tiles/tile4.prefab using Guid(684982c02ddd308478427cd3c0a69bd1) Importer(815301076,1909f56bfc062723c751e8b465ee728b)  -> (artifact id: 'b3b74921c0f20e997f984c31b39bf3c3') in 0.019058 seconds 
========================================================================
Received Import Request.
  Time since last request: 3.189443 seconds.
  path: Assets/tiles/tile4.prefab
  artifactKey: Guid(684982c02ddd308478427cd3c0a69bd1) Importer(815301076,1909f56bfc062723c751e8b465ee728b)
Start importing Assets/tiles/tile4.prefab using Guid(684982c02ddd308478427cd3c0a69bd1) Importer(815301076,1909f56bfc062723c751e8b465ee728b)  -> (artifact id: '5f5210e01d34b7a6df95891abcc3a703') in 0.021609 seconds 
========================================================================
Received Import Request.
  Time since last request: 4.208361 seconds.
  path: Assets/tiles/tile4.prefab
  artifactKey: Guid(684982c02ddd308478427cd3c0a69bd1) Importer(815301076,1909f56bfc062723c751e8b465ee728b)
Start importing Assets/tiles/tile4.prefab using Guid(684982c02ddd308478427cd3c0a69bd1) Importer(815301076,1909f56bfc062723c751e8b465ee728b)  -> (artifact id: '6b10beb984539349454e7a7548d4386e') in 0.025188 seconds 
========================================================================
Received Import Request.
  Time since last request: 5.639581 seconds.
  path: Assets/tiles/tile4.prefab
  artifactKey: Guid(684982c02ddd308478427cd3c0a69bd1) Importer(815301076,1909f56bfc062723c751e8b465ee728b)
Start importing Assets/tiles/tile4.prefab using Guid(684982c02ddd308478427cd3c0a69bd1) Importer(815301076,1909f56bfc062723c751e8b465ee728b)  -> (artifact id: '90e30885ae40b9e82350c9bd709175c5') in 0.018101 seconds 
========================================================================
Received Import Request.
  Time since last request: 22.128755 seconds.
  path: Assets/tiles/tile4.prefab
  artifactKey: Guid(684982c02ddd308478427cd3c0a69bd1) Importer(815301076,1909f56bfc062723c751e8b465ee728b)
Start importing Assets/tiles/tile4.prefab using Guid(684982c02ddd308478427cd3c0a69bd1) Importer(815301076,1909f56bfc062723c751e8b465ee728b)  -> (artifact id: '63e97e5b77f8a74362c1cd839dae185d') in 0.016726 seconds 
========================================================================
Received Import Request.
  Time since last request: 8.273967 seconds.
  path: Assets/tiles/tile4.prefab
  artifactKey: Guid(684982c02ddd308478427cd3c0a69bd1) Importer(815301076,1909f56bfc062723c751e8b465ee728b)
Start importing Assets/tiles/tile4.prefab using Guid(684982c02ddd308478427cd3c0a69bd1) Importer(815301076,1909f56bfc062723c751e8b465ee728b)  -> (artifact id: '9b1615662aa5dba0a02e17c74f8079a0') in 0.024825 seconds 
========================================================================
Received Import Request.
  Time since last request: 1.974911 seconds.
  path: Assets/tiles/tile4.prefab
  artifactKey: Guid(684982c02ddd308478427cd3c0a69bd1) Importer(815301076,1909f56bfc062723c751e8b465ee728b)
Start importing Assets/tiles/tile4.prefab using Guid(684982c02ddd308478427cd3c0a69bd1) Importer(815301076,1909f56bfc062723c751e8b465ee728b)  -> (artifact id: '61df031f239f0cc4c5ca620d3c9fb6ba') in 0.020337 seconds 
========================================================================
Received Import Request.
  Time since last request: 1.598215 seconds.
  path: Assets/tiles/tile4.prefab
  artifactKey: Guid(684982c02ddd308478427cd3c0a69bd1) Importer(815301076,1909f56bfc062723c751e8b465ee728b)
Start importing Assets/tiles/tile4.prefab using Guid(684982c02ddd308478427cd3c0a69bd1) Importer(815301076,1909f56bfc062723c751e8b465ee728b)  -> (artifact id: '9d24896c919868c91774237332a79984') in 0.017502 seconds 
========================================================================
Received Prepare
Registering precompiled user dll's ...
Registered in 0.007220 seconds.
Begin MonoManager ReloadAssembly
Symbol file LoadedFromMemory doesn't match image C:\Users\prati\OneDrive\Documents\GitHub\IITISoC23-Game1-EndlessRunner\iitisoc\Library\PackageCache\com.unity.visualscripting@1.8.0\Editor\VisualScripting.Core\Dependencies\YamlDotNet\Unity.VisualScripting.YamlDotNet.dll
Symbol file LoadedFromMemory doesn't match image C:\Users\prati\OneDrive\Documents\GitHub\IITISoC23-Game1-EndlessRunner\iitisoc\Library\PackageCache\com.unity.visualscripting@1.8.0\Editor\VisualScripting.Core\Dependencies\DotNetZip\Unity.VisualScripting.IonicZip.dll
Native extension for WindowsStandalone target not found
Native extension for WebGL target not found
Refreshing native plugins compatible for Editor in 1.21 ms, found 3 plugins.
Preloading 0 native plugins for Editor in 0.00 ms.
Mono: successfully reloaded assembly
- Completed reload, in  1.217 seconds
Domain Reload Profiling:
	ReloadAssembly (1218ms)
		BeginReloadAssembly (190ms)
			ExecutionOrderSort (0ms)
			DisableScriptedObjects (6ms)
			BackupInstance (0ms)
			ReleaseScriptingObjects (0ms)
			CreateAndSetChildDomain (61ms)
		EndReloadAssembly (909ms)
			LoadAssemblies (118ms)
			RebuildTransferFunctionScriptingTraits (0ms)
			SetupTypeCache (312ms)
			ReleaseScriptCaches (2ms)
			RebuildScriptCaches (55ms)
			SetupLoadedEditorAssemblies (380ms)
				LogAssemblyErrors (0ms)
				InitializePlatformSupportModulesInManaged (18ms)
				SetLoadedEditorAssemblies (1ms)
				RefreshPlugins (1ms)
				BeforeProcessingInitializeOnLoad (83ms)
				ProcessInitializeOnLoadAttributes (241ms)
				ProcessInitializeOnLoadMethodAttributes (26ms)
				AfterProcessingInitializeOnLoad (10ms)
				EditorAssembliesLoaded (0ms)
			ExecutionOrderSort2 (0ms)
			AwakeInstancesAfterBackupRestoration (8ms)
Platform modules already initialized, skipping
Refreshing native plugins compatible for Editor in 2.66 ms, found 3 plugins.
Preloading 0 native plugins for Editor in 0.00 ms.
Unloading 3091 Unused Serialized files (Serialized files now loaded: 0)
Unloading 17 unused Assets / (80.1 KB). Loaded Objects now: 3616.
Memory consumption went from 128.5 MB to 128.4 MB.
Total: 3.995300 ms (FindLiveObjects: 0.420700 ms CreateObjectMapping: 0.103000 ms MarkObjects: 3.285600 ms  DeleteObjects: 0.183900 ms)

AssetImportParameters requested are different than current active one (requested -> active):
  custom:video-decoder-ogg-theora: a1e56fd34408186e4bbccfd4996cb3dc -> 
  custom:container-muxer-webm: aa71ff27fc2769a1b78a27578f13a17b -> 
  custom:container-demuxer-webm: 4f35f7cbe854078d1ac9338744f61a02 -> 
  custom:video-encoder-webm-vp8: eb34c28f22e8b96e1ab97ce403110664 -> 
  custom:video-codec-MediaFoundation-h265: 746d11721c4dcdbdad8f713fa42b33f4 -> 
  custom:audio-encoder-webm-vorbis: bf7c407c2cedff20999df2af8eb42d56 -> 
  custom:framework-win-MediaFoundation: 216162199b28c13a410421893ffa2e32 -> 
  custom:container-demuxer-ogg: 62fdf1f143b41e24485cea50d1cbac27 -> 
  custom:video-decoder-webm-vp8: 9c59270c3fd7afecdb556c50c9e8de78 -> 
  custom:audio-decoder-ogg-vorbis: bf7c407c2cedff20999df2af8eb42d56 -> 
========================================================================
Received Import Request.
  Time since last request: 49.948934 seconds.
  path: Assets/tiles/tile4.prefab
  artifactKey: Guid(684982c02ddd308478427cd3c0a69bd1) Importer(815301076,1909f56bfc062723c751e8b465ee728b)
Start importing Assets/tiles/tile4.prefab using Guid(684982c02ddd308478427cd3c0a69bd1) Importer(815301076,1909f56bfc062723c751e8b465ee728b)  -> (artifact id: '438eb4df886b36cecabb6fee4e40104b') in 0.078198 seconds 
========================================================================
Received Import Request.
  Time since last request: 8.128282 seconds.
  path: Assets/tiles/tile4.prefab
  artifactKey: Guid(684982c02ddd308478427cd3c0a69bd1) Importer(815301076,1909f56bfc062723c751e8b465ee728b)
Start importing Assets/tiles/tile4.prefab using Guid(684982c02ddd308478427cd3c0a69bd1) Importer(815301076,1909f56bfc062723c751e8b465ee728b)  -> (artifact id: '3413eb2cdabc6a9e9e556137a4c16c42') in 0.021258 seconds 
========================================================================
Received Import Request.
  Time since last request: 2.387592 seconds.
  path: Assets/tiles/tile4.prefab
  artifactKey: Guid(684982c02ddd308478427cd3c0a69bd1) Importer(815301076,1909f56bfc062723c751e8b465ee728b)
Start importing Assets/tiles/tile4.prefab using Guid(684982c02ddd308478427cd3c0a69bd1) Importer(815301076,1909f56bfc062723c751e8b465ee728b)  -> (artifact id: '6f7002c0fe9696310da90741bc364220') in 0.023949 seconds 
========================================================================
Received Import Request.
  Time since last request: 1.984642 seconds.
  path: Assets/tiles/tile4.prefab
  artifactKey: Guid(684982c02ddd308478427cd3c0a69bd1) Importer(815301076,1909f56bfc062723c751e8b465ee728b)
Start importing Assets/tiles/tile4.prefab using Guid(684982c02ddd308478427cd3c0a69bd1) Importer(815301076,1909f56bfc062723c751e8b465ee728b)  -> (artifact id: '36a65fcfa564f856c114d1908f7309fa') in 0.019705 seconds 
========================================================================
Received Prepare
Registering precompiled user dll's ...
Registered in 0.007662 seconds.
Begin MonoManager ReloadAssembly
Symbol file LoadedFromMemory doesn't match image C:\Users\prati\OneDrive\Documents\GitHub\IITISoC23-Game1-EndlessRunner\iitisoc\Library\PackageCache\com.unity.visualscripting@1.8.0\Editor\VisualScripting.Core\Dependencies\YamlDotNet\Unity.VisualScripting.YamlDotNet.dll
Symbol file LoadedFromMemory doesn't match image C:\Users\prati\OneDrive\Documents\GitHub\IITISoC23-Game1-EndlessRunner\iitisoc\Library\PackageCache\com.unity.visualscripting@1.8.0\Editor\VisualScripting.Core\Dependencies\DotNetZip\Unity.VisualScripting.IonicZip.dll
Native extension for WindowsStandalone target not found
Native extension for WebGL target not found
Refreshing native plugins compatible for Editor in 1.32 ms, found 3 plugins.
Preloading 0 native plugins for Editor in 0.00 ms.
Mono: successfully reloaded assembly
- Completed reload, in  1.111 seconds
Domain Reload Profiling:
	ReloadAssembly (1112ms)
		BeginReloadAssembly (139ms)
			ExecutionOrderSort (0ms)
			DisableScriptedObjects (4ms)
			BackupInstance (0ms)
			ReleaseScriptingObjects (0ms)
			CreateAndSetChildDomain (39ms)
		EndReloadAssembly (872ms)
			LoadAssemblies (90ms)
			RebuildTransferFunctionScriptingTraits (0ms)
			SetupTypeCache (292ms)
			ReleaseScriptCaches (3ms)
			RebuildScriptCaches (49ms)
			SetupLoadedEditorAssemblies (383ms)
				LogAssemblyErrors (0ms)
				InitializePlatformSupportModulesInManaged (18ms)
				SetLoadedEditorAssemblies (0ms)
				RefreshPlugins (1ms)
				BeforeProcessingInitializeOnLoad (82ms)
				ProcessInitializeOnLoadAttributes (245ms)
				ProcessInitializeOnLoadMethodAttributes (24ms)
				AfterProcessingInitializeOnLoad (12ms)
				EditorAssembliesLoaded (0ms)
			ExecutionOrderSort2 (0ms)
			AwakeInstancesAfterBackupRestoration (8ms)
Platform modules already initialized, skipping
Refreshing native plugins compatible for Editor in 3.39 ms, found 3 plugins.
Preloading 0 native plugins for Editor in 0.00 ms.
Unloading 3091 Unused Serialized files (Serialized files now loaded: 0)
Unloading 17 unused Assets / (80.1 KB). Loaded Objects now: 3619.
Memory consumption went from 128.5 MB to 128.4 MB.
Total: 4.941400 ms (FindLiveObjects: 0.391700 ms CreateObjectMapping: 0.103100 ms MarkObjects: 4.196300 ms  DeleteObjects: 0.248300 ms)

AssetImportParameters requested are different than current active one (requested -> active):
  custom:video-decoder-ogg-theora: a1e56fd34408186e4bbccfd4996cb3dc -> 
  custom:container-muxer-webm: aa71ff27fc2769a1b78a27578f13a17b -> 
  custom:container-demuxer-webm: 4f35f7cbe854078d1ac9338744f61a02 -> 
  custom:video-encoder-webm-vp8: eb34c28f22e8b96e1ab97ce403110664 -> 
  custom:video-codec-MediaFoundation-h265: 746d11721c4dcdbdad8f713fa42b33f4 -> 
  custom:audio-encoder-webm-vorbis: bf7c407c2cedff20999df2af8eb42d56 -> 
  custom:framework-win-MediaFoundation: 216162199b28c13a410421893ffa2e32 -> 
  custom:container-demuxer-ogg: 62fdf1f143b41e24485cea50d1cbac27 -> 
  custom:video-decoder-webm-vp8: 9c59270c3fd7afecdb556c50c9e8de78 -> 
  custom:audio-decoder-ogg-vorbis: bf7c407c2cedff20999df2af8eb42d56 -> 
========================================================================
Received Import Request.
  Time since last request: 21.441509 seconds.
  path: Assets/tiles/tile4.prefab
  artifactKey: Guid(684982c02ddd308478427cd3c0a69bd1) Importer(815301076,1909f56bfc062723c751e8b465ee728b)
Start importing Assets/tiles/tile4.prefab using Guid(684982c02ddd308478427cd3c0a69bd1) Importer(815301076,1909f56bfc062723c751e8b465ee728b)  -> (artifact id: 'b179d6c14fb6dd183712e98550d6f7f9') in 0.096056 seconds 
========================================================================
Received Import Request.
  Time since last request: 2.622716 seconds.
  path: Assets/tiles/tile4.prefab
  artifactKey: Guid(684982c02ddd308478427cd3c0a69bd1) Importer(815301076,1909f56bfc062723c751e8b465ee728b)
Start importing Assets/tiles/tile4.prefab using Guid(684982c02ddd308478427cd3c0a69bd1) Importer(815301076,1909f56bfc062723c751e8b465ee728b)  -> (artifact id: '87fcc2c0d5186f39048ddf5f70640dd5') in 0.024298 seconds 
========================================================================
Received Import Request.
  Time since last request: 2.381606 seconds.
  path: Assets/tiles/tile4.prefab
  artifactKey: Guid(684982c02ddd308478427cd3c0a69bd1) Importer(815301076,1909f56bfc062723c751e8b465ee728b)
Start importing Assets/tiles/tile4.prefab using Guid(684982c02ddd308478427cd3c0a69bd1) Importer(815301076,1909f56bfc062723c751e8b465ee728b)  -> (artifact id: '5680b49c7e497412135dd778dcc5eb80') in 0.029319 seconds 
========================================================================
Received Import Request.
  Time since last request: 11.458473 seconds.
  path: Assets/tiles/tile4.prefab
  artifactKey: Guid(684982c02ddd308478427cd3c0a69bd1) Importer(815301076,1909f56bfc062723c751e8b465ee728b)
Start importing Assets/tiles/tile4.prefab using Guid(684982c02ddd308478427cd3c0a69bd1) Importer(815301076,1909f56bfc062723c751e8b465ee728b)  -> (artifact id: '1931f70c19e6d3438bc06d35b6e804c8') in 0.025372 seconds 
========================================================================
Received Import Request.
  Time since last request: 4.617620 seconds.
  path: Assets/tiles/tile4.prefab
  artifactKey: Guid(684982c02ddd308478427cd3c0a69bd1) Importer(815301076,1909f56bfc062723c751e8b465ee728b)
Start importing Assets/tiles/tile4.prefab using Guid(684982c02ddd308478427cd3c0a69bd1) Importer(815301076,1909f56bfc062723c751e8b465ee728b)  -> (artifact id: 'f9183778fa602abb0156b4b19504663c') in 0.026380 seconds 
========================================================================
Received Prepare
Registering precompiled user dll's ...
Registered in 0.007312 seconds.
Begin MonoManager ReloadAssembly
Symbol file LoadedFromMemory doesn't match image C:\Users\prati\OneDrive\Documents\GitHub\IITISoC23-Game1-EndlessRunner\iitisoc\Library\PackageCache\com.unity.visualscripting@1.8.0\Editor\VisualScripting.Core\Dependencies\YamlDotNet\Unity.VisualScripting.YamlDotNet.dll
Symbol file LoadedFromMemory doesn't match image C:\Users\prati\OneDrive\Documents\GitHub\IITISoC23-Game1-EndlessRunner\iitisoc\Library\PackageCache\com.unity.visualscripting@1.8.0\Editor\VisualScripting.Core\Dependencies\DotNetZip\Unity.VisualScripting.IonicZip.dll
Native extension for WindowsStandalone target not found
Native extension for WebGL target not found
Refreshing native plugins compatible for Editor in 1.29 ms, found 3 plugins.
Preloading 0 native plugins for Editor in 0.00 ms.
Mono: successfully reloaded assembly
- Completed reload, in  1.199 seconds
Domain Reload Profiling:
	ReloadAssembly (1200ms)
		BeginReloadAssembly (144ms)
			ExecutionOrderSort (0ms)
			DisableScriptedObjects (4ms)
			BackupInstance (0ms)
			ReleaseScriptingObjects (0ms)
			CreateAndSetChildDomain (36ms)
		EndReloadAssembly (941ms)
			LoadAssemblies (110ms)
			RebuildTransferFunctionScriptingTraits (0ms)
			SetupTypeCache (338ms)
			ReleaseScriptCaches (2ms)
			RebuildScriptCaches (54ms)
			SetupLoadedEditorAssemblies (379ms)
				LogAssemblyErrors (0ms)
				InitializePlatformSupportModulesInManaged (19ms)
				SetLoadedEditorAssemblies (1ms)
				RefreshPlugins (1ms)
				BeforeProcessingInitializeOnLoad (77ms)
				ProcessInitializeOnLoadAttributes (247ms)
				ProcessInitializeOnLoadMethodAttributes (24ms)
				AfterProcessingInitializeOnLoad (10ms)
				EditorAssembliesLoaded (0ms)
			ExecutionOrderSort2 (0ms)
			AwakeInstancesAfterBackupRestoration (9ms)
Platform modules already initialized, skipping
Refreshing native plugins compatible for Editor in 3.21 ms, found 3 plugins.
Preloading 0 native plugins for Editor in 0.00 ms.
Unloading 3091 Unused Serialized files (Serialized files now loaded: 0)
Unloading 17 unused Assets / (80.2 KB). Loaded Objects now: 3622.
Memory consumption went from 128.6 MB to 128.5 MB.
Total: 3.681000 ms (FindLiveObjects: 0.344000 ms CreateObjectMapping: 0.090400 ms MarkObjects: 3.072100 ms  DeleteObjects: 0.172600 ms)

AssetImportParameters requested are different than current active one (requested -> active):
  custom:video-decoder-ogg-theora: a1e56fd34408186e4bbccfd4996cb3dc -> 
  custom:container-muxer-webm: aa71ff27fc2769a1b78a27578f13a17b -> 
  custom:container-demuxer-webm: 4f35f7cbe854078d1ac9338744f61a02 -> 
  custom:video-encoder-webm-vp8: eb34c28f22e8b96e1ab97ce403110664 -> 
  custom:video-codec-MediaFoundation-h265: 746d11721c4dcdbdad8f713fa42b33f4 -> 
  custom:audio-encoder-webm-vorbis: bf7c407c2cedff20999df2af8eb42d56 -> 
  custom:framework-win-MediaFoundation: 216162199b28c13a410421893ffa2e32 -> 
  custom:container-demuxer-ogg: 62fdf1f143b41e24485cea50d1cbac27 -> 
  custom:video-decoder-webm-vp8: 9c59270c3fd7afecdb556c50c9e8de78 -> 
  custom:audio-decoder-ogg-vorbis: bf7c407c2cedff20999df2af8eb42d56 -> 
========================================================================
Received Prepare
Registering precompiled user dll's ...
Registered in 0.007464 seconds.
Begin MonoManager ReloadAssembly
Symbol file LoadedFromMemory doesn't match image C:\Users\prati\OneDrive\Documents\GitHub\IITISoC23-Game1-EndlessRunner\iitisoc\Library\PackageCache\com.unity.visualscripting@1.8.0\Editor\VisualScripting.Core\Dependencies\YamlDotNet\Unity.VisualScripting.YamlDotNet.dll
Symbol file LoadedFromMemory doesn't match image C:\Users\prati\OneDrive\Documents\GitHub\IITISoC23-Game1-EndlessRunner\iitisoc\Library\PackageCache\com.unity.visualscripting@1.8.0\Editor\VisualScripting.Core\Dependencies\DotNetZip\Unity.VisualScripting.IonicZip.dll
Native extension for WindowsStandalone target not found
Native extension for WebGL target not found
Refreshing native plugins compatible for Editor in 0.93 ms, found 3 plugins.
Preloading 0 native plugins for Editor in 0.00 ms.
Mono: successfully reloaded assembly
- Completed reload, in  1.226 seconds
Domain Reload Profiling:
	ReloadAssembly (1227ms)
		BeginReloadAssembly (139ms)
			ExecutionOrderSort (0ms)
			DisableScriptedObjects (6ms)
			BackupInstance (0ms)
			ReleaseScriptingObjects (0ms)
			CreateAndSetChildDomain (34ms)
		EndReloadAssembly (962ms)
			LoadAssemblies (106ms)
			RebuildTransferFunctionScriptingTraits (0ms)
			SetupTypeCache (333ms)
			ReleaseScriptCaches (2ms)
			RebuildScriptCaches (57ms)
			SetupLoadedEditorAssemblies (388ms)
				LogAssemblyErrors (0ms)
				InitializePlatformSupportModulesInManaged (18ms)
				SetLoadedEditorAssemblies (0ms)
				RefreshPlugins (1ms)
				BeforeProcessingInitializeOnLoad (81ms)
				ProcessInitializeOnLoadAttributes (253ms)
				ProcessInitializeOnLoadMethodAttributes (22ms)
				AfterProcessingInitializeOnLoad (12ms)
				EditorAssembliesLoaded (0ms)
			ExecutionOrderSort2 (0ms)
			AwakeInstancesAfterBackupRestoration (11ms)
Platform modules already initialized, skipping
Refreshing native plugins compatible for Editor in 2.16 ms, found 3 plugins.
Preloading 0 native plugins for Editor in 0.00 ms.
Unloading 3091 Unused Serialized files (Serialized files now loaded: 0)
Unloading 17 unused Assets / (80.2 KB). Loaded Objects now: 3625.
Memory consumption went from 128.6 MB to 128.5 MB.
Total: 2.605700 ms (FindLiveObjects: 0.222800 ms CreateObjectMapping: 0.091600 ms MarkObjects: 2.194200 ms  DeleteObjects: 0.096100 ms)

AssetImportParameters requested are different than current active one (requested -> active):
  custom:video-decoder-ogg-theora: a1e56fd34408186e4bbccfd4996cb3dc -> 
  custom:container-muxer-webm: aa71ff27fc2769a1b78a27578f13a17b -> 
  custom:container-demuxer-webm: 4f35f7cbe854078d1ac9338744f61a02 -> 
  custom:video-encoder-webm-vp8: eb34c28f22e8b96e1ab97ce403110664 -> 
  custom:video-codec-MediaFoundation-h265: 746d11721c4dcdbdad8f713fa42b33f4 -> 
  custom:audio-encoder-webm-vorbis: bf7c407c2cedff20999df2af8eb42d56 -> 
  custom:framework-win-MediaFoundation: 216162199b28c13a410421893ffa2e32 -> 
  custom:container-demuxer-ogg: 62fdf1f143b41e24485cea50d1cbac27 -> 
  custom:video-decoder-webm-vp8: 9c59270c3fd7afecdb556c50c9e8de78 -> 
  custom:audio-decoder-ogg-vorbis: bf7c407c2cedff20999df2af8eb42d56 -> 
========================================================================
Received Prepare
Registering precompiled user dll's ...
Registered in 0.007490 seconds.
Begin MonoManager ReloadAssembly
Symbol file LoadedFromMemory doesn't match image C:\Users\prati\OneDrive\Documents\GitHub\IITISoC23-Game1-EndlessRunner\iitisoc\Library\PackageCache\com.unity.visualscripting@1.8.0\Editor\VisualScripting.Core\Dependencies\YamlDotNet\Unity.VisualScripting.YamlDotNet.dll
Symbol file LoadedFromMemory doesn't match image C:\Users\prati\OneDrive\Documents\GitHub\IITISoC23-Game1-EndlessRunner\iitisoc\Library\PackageCache\com.unity.visualscripting@1.8.0\Editor\VisualScripting.Core\Dependencies\DotNetZip\Unity.VisualScripting.IonicZip.dll
Native extension for WindowsStandalone target not found
Native extension for WebGL target not found
Refreshing native plugins compatible for Editor in 1.01 ms, found 3 plugins.
Preloading 0 native plugins for Editor in 0.00 ms.
Mono: successfully reloaded assembly
- Completed reload, in  1.245 seconds
Domain Reload Profiling:
	ReloadAssembly (1247ms)
		BeginReloadAssembly (141ms)
			ExecutionOrderSort (0ms)
			DisableScriptedObjects (5ms)
			BackupInstance (0ms)
			ReleaseScriptingObjects (0ms)
			CreateAndSetChildDomain (34ms)
		EndReloadAssembly (984ms)
			LoadAssemblies (110ms)
			RebuildTransferFunctionScriptingTraits (0ms)
			SetupTypeCache (356ms)
			ReleaseScriptCaches (2ms)
			RebuildScriptCaches (57ms)
			SetupLoadedEditorAssemblies (386ms)
				LogAssemblyErrors (0ms)
				InitializePlatformSupportModulesInManaged (20ms)
				SetLoadedEditorAssemblies (1ms)
				RefreshPlugins (1ms)
				BeforeProcessingInitializeOnLoad (79ms)
				ProcessInitializeOnLoadAttributes (247ms)
				ProcessInitializeOnLoadMethodAttributes (26ms)
				AfterProcessingInitializeOnLoad (12ms)
				EditorAssembliesLoaded (0ms)
			ExecutionOrderSort2 (0ms)
			AwakeInstancesAfterBackupRestoration (9ms)
Platform modules already initialized, skipping
Refreshing native plugins compatible for Editor in 2.83 ms, found 3 plugins.
Preloading 0 native plugins for Editor in 0.00 ms.
Unloading 3091 Unused Serialized files (Serialized files now loaded: 0)
Unloading 17 unused Assets / (80.3 KB). Loaded Objects now: 3628.
Memory consumption went from 128.6 MB to 128.5 MB.
Total: 6.700000 ms (FindLiveObjects: 0.798900 ms CreateObjectMapping: 0.141100 ms MarkObjects: 5.504600 ms  DeleteObjects: 0.253700 ms)

AssetImportParameters requested are different than current active one (requested -> active):
  custom:video-decoder-ogg-theora: a1e56fd34408186e4bbccfd4996cb3dc -> 
  custom:container-muxer-webm: aa71ff27fc2769a1b78a27578f13a17b -> 
  custom:container-demuxer-webm: 4f35f7cbe854078d1ac9338744f61a02 -> 
  custom:video-encoder-webm-vp8: eb34c28f22e8b96e1ab97ce403110664 -> 
  custom:video-codec-MediaFoundation-h265: 746d11721c4dcdbdad8f713fa42b33f4 -> 
  custom:audio-encoder-webm-vorbis: bf7c407c2cedff20999df2af8eb42d56 -> 
  custom:framework-win-MediaFoundation: 216162199b28c13a410421893ffa2e32 -> 
  custom:container-demuxer-ogg: 62fdf1f143b41e24485cea50d1cbac27 -> 
  custom:video-decoder-webm-vp8: 9c59270c3fd7afecdb556c50c9e8de78 -> 
  custom:audio-decoder-ogg-vorbis: bf7c407c2cedff20999df2af8eb42d56 -> 
========================================================================
Received Prepare
Registering precompiled user dll's ...
Registered in 0.006834 seconds.
Begin MonoManager ReloadAssembly
Symbol file LoadedFromMemory doesn't match image C:\Users\prati\OneDrive\Documents\GitHub\IITISoC23-Game1-EndlessRunner\iitisoc\Library\PackageCache\com.unity.visualscripting@1.8.0\Editor\VisualScripting.Core\Dependencies\YamlDotNet\Unity.VisualScripting.YamlDotNet.dll
Symbol file LoadedFromMemory doesn't match image C:\Users\prati\OneDrive\Documents\GitHub\IITISoC23-Game1-EndlessRunner\iitisoc\Library\PackageCache\com.unity.visualscripting@1.8.0\Editor\VisualScripting.Core\Dependencies\DotNetZip\Unity.VisualScripting.IonicZip.dll
Native extension for WindowsStandalone target not found
Native extension for WebGL target not found
Refreshing native plugins compatible for Editor in 1.36 ms, found 3 plugins.
Preloading 0 native plugins for Editor in 0.00 ms.
Mono: successfully reloaded assembly
- Completed reload, in  1.296 seconds
Domain Reload Profiling:
	ReloadAssembly (1297ms)
		BeginReloadAssembly (171ms)
			ExecutionOrderSort (0ms)
			DisableScriptedObjects (8ms)
			BackupInstance (0ms)
			ReleaseScriptingObjects (0ms)
			CreateAndSetChildDomain (35ms)
		EndReloadAssembly (971ms)
			LoadAssemblies (134ms)
			RebuildTransferFunctionScriptingTraits (0ms)
			SetupTypeCache (348ms)
			ReleaseScriptCaches (2ms)
			RebuildScriptCaches (65ms)
			SetupLoadedEditorAssemblies (379ms)
				LogAssemblyErrors (0ms)
				InitializePlatformSupportModulesInManaged (18ms)
				SetLoadedEditorAssemblies (1ms)
				RefreshPlugins (1ms)
				BeforeProcessingInitializeOnLoad (88ms)
				ProcessInitializeOnLoadAttributes (237ms)
				ProcessInitializeOnLoadMethodAttributes (23ms)
				AfterProcessingInitializeOnLoad (11ms)
				EditorAssembliesLoaded (0ms)
			ExecutionOrderSort2 (0ms)
			AwakeInstancesAfterBackupRestoration (8ms)
Platform modules already initialized, skipping
Refreshing native plugins compatible for Editor in 3.01 ms, found 3 plugins.
Preloading 0 native plugins for Editor in 0.00 ms.
Unloading 3091 Unused Serialized files (Serialized files now loaded: 0)
Unloading 17 unused Assets / (80.2 KB). Loaded Objects now: 3631.
Memory consumption went from 128.6 MB to 128.5 MB.
Total: 4.730700 ms (FindLiveObjects: 0.405500 ms CreateObjectMapping: 0.217200 ms MarkObjects: 3.953600 ms  DeleteObjects: 0.152700 ms)

AssetImportParameters requested are different than current active one (requested -> active):
  custom:video-decoder-ogg-theora: a1e56fd34408186e4bbccfd4996cb3dc -> 
  custom:container-muxer-webm: aa71ff27fc2769a1b78a27578f13a17b -> 
  custom:container-demuxer-webm: 4f35f7cbe854078d1ac9338744f61a02 -> 
  custom:video-encoder-webm-vp8: eb34c28f22e8b96e1ab97ce403110664 -> 
  custom:video-codec-MediaFoundation-h265: 746d11721c4dcdbdad8f713fa42b33f4 -> 
  custom:audio-encoder-webm-vorbis: bf7c407c2cedff20999df2af8eb42d56 -> 
  custom:framework-win-MediaFoundation: 216162199b28c13a410421893ffa2e32 -> 
  custom:container-demuxer-ogg: 62fdf1f143b41e24485cea50d1cbac27 -> 
  custom:video-decoder-webm-vp8: 9c59270c3fd7afecdb556c50c9e8de78 -> 
  custom:audio-decoder-ogg-vorbis: bf7c407c2cedff20999df2af8eb42d56 -> 
========================================================================
Received Import Request.
  Time since last request: 9697.985237 seconds.
  path: Assets/music
  artifactKey: Guid(3246a6f258e49d34e888a4b7a5c5d985) Importer(815301076,1909f56bfc062723c751e8b465ee728b)
Start importing Assets/music using Guid(3246a6f258e49d34e888a4b7a5c5d985) Importer(815301076,1909f56bfc062723c751e8b465ee728b)  -> (artifact id: 'c3b020a81aed0355f112b5060356435f') in 0.412966 seconds 
========================================================================
Received Import Request.
  Time since last request: 89.573657 seconds.
  path: Assets/music/1. Blue Swede - Hooked on a Feeling.mp3
  artifactKey: Guid(678c31cd945c8494eb27f0e140173f80) Importer(815301076,1909f56bfc062723c751e8b465ee728b)
Start importing Assets/music/1. Blue Swede - Hooked on a Feeling.mp3 using Guid(678c31cd945c8494eb27f0e140173f80) Importer(815301076,1909f56bfc062723c751e8b465ee728b)  -> (artifact id: '6621edad48ace5db3d166835bd39ce6a') in 1.045117 seconds 
========================================================================
Received Import Request.
  Time since last request: 0.000026 seconds.
  path: Assets/music/Pharrell Williams - Happy (Video).mp3
  artifactKey: Guid(74ec36672c181844ea0ba7343a73c9b0) Importer(815301076,1909f56bfc062723c751e8b465ee728b)
Start importing Assets/music/Pharrell Williams - Happy (Video).mp3 using Guid(74ec36672c181844ea0ba7343a73c9b0) Importer(815301076,1909f56bfc062723c751e8b465ee728b)  -> (artifact id: 'e245dede7ec5487a5e7dedc91668d64a') in 0.025488 seconds 
========================================================================
Received Import Request.
  Time since last request: 0.000038 seconds.
  path: Assets/music/Silver - Wham Bam Shang A Lang. (Guardians of the Galaxy) Vol. 2.mp3
  artifactKey: Guid(c4731a25a7bd2a642acfe6374cbbb642) Importer(815301076,1909f56bfc062723c751e8b465ee728b)
Start importing Assets/music/Silver - Wham Bam Shang A Lang. (Guardians of the Galaxy) Vol. 2.mp3 using Guid(c4731a25a7bd2a642acfe6374cbbb642) Importer(815301076,1909f56bfc062723c751e8b465ee728b)  -> (artifact id: '73f4c0b7084e79e0b64d7853144f0be5') in 0.019167 seconds 
========================================================================
Received Import Request.
  Time since last request: 0.000026 seconds.
  path: Assets/music/Post Malone, Swae Lee - Sunflower (Spider-Man- Into the Spider-Verse).mp3
  artifactKey: Guid(973c95205f6b55442b087c7e2c0c0807) Importer(815301076,1909f56bfc062723c751e8b465ee728b)
Start importing Assets/music/Post Malone, Swae Lee - Sunflower (Spider-Man- Into the Spider-Verse).mp3 using Guid(973c95205f6b55442b087c7e2c0c0807) Importer(815301076,1909f56bfc062723c751e8b465ee728b)  -> (artifact id: '8d141bd63ed595543943b9eaa08393cf') in 0.017379 seconds 
Editor requested this worker to shutdown with reason: Scaling down because of idle timeout
AssetImportWorker is now disconnected from the server
Process exiting
Exiting without the bug reporter. Application will terminate with return code 0